#
# There is insufficient memory for the Java Runtime Environment to continue.
# Native memory allocation (malloc) failed to allocate 1497072 bytes for Chunk::new
# Possible reasons:
#   The system is out of physical RAM or swap space
#   The process is running with CompressedOops enabled, and the Java Heap may be blocking the growth of the native heap
# Possible solutions:
#   Reduce memory load on the system
#   Increase physical memory or swap space
#   Check if swap backing store is full
#   Decrease Java heap size (-Xmx/-Xms)
#   Decrease number of Java threads
#   Decrease Java thread stack sizes (-Xss)
#   Set larger code cache with -XX:ReservedCodeCacheSize=
#   JVM is running with Unscaled Compressed Oops mode in which the Java heap is
#     placed in the first 4GB address space. The Java Heap base address is the
#     maximum limit for the native heap growth. Please use -XX:HeapBaseMinAddress
#     to set the Java Heap base and to place the Java Heap above 4GB virtual address.
# This output file may be truncated or incomplete.
#
#  Out of Memory Error (arena.cpp:184), pid=13848, tid=18968
#
# JRE version: Java(TM) SE Runtime Environment (20.0.1+9) (build 20.0.1+9-29)
# Java VM: Java HotSpot(TM) 64-Bit Server VM (20.0.1+9-29, mixed mode, sharing, tiered, compressed oops, compressed class ptrs, g1 gc, windows-amd64)
# No core dump will be written. Minidumps are not enabled by default on client versions of Windows
#

---------------  S U M M A R Y ------------

Command Line: -javaagent:C:\Program Files\JetBrains\IntelliJ IDEA Community Edition 2023.1.3\lib\idea_rt.jar=62806:C:\Program Files\JetBrains\IntelliJ IDEA Community Edition 2023.1.3\bin -Dfile.encoding=UTF-8 -Dsun.stdout.encoding=UTF-8 -Dsun.stderr.encoding=UTF-8 com.sm.qms.QmsApplication

Host: Intel(R) Core(TM) i5-4210U CPU @ 1.70GHz, 4 cores, 3G,  Windows 10 , 64 bit Build 19041 (10.0.19041.3031)
Time: Wed Jul 12 11:27:30 2023 India Standard Time elapsed time: 20.173205 seconds (0d 0h 0m 20s)

---------------  T H R E A D  ---------------

Current thread (0x0000023d1eca64a0):  JavaThread "C2 CompilerThread0" daemon [_thread_in_native, id=18968, stack(0x000000463d100000,0x000000463d200000)]


Current CompileTask:
C2:  20173 4683   !   4       org.springframework.core.annotation.AnnotationsScanner::processClassHierarchy (234 bytes)

Stack: [0x000000463d100000,0x000000463d200000]
Native frames: (J=compiled Java code, j=interpreted, Vv=VM code, C=native code)
V  [jvm.dll+0x6bb95a]
V  [jvm.dll+0x8485fa]
V  [jvm.dll+0x84a1f5]
V  [jvm.dll+0x84a8f3]
V  [jvm.dll+0x280b0f]
V  [jvm.dll+0xc2b11]
V  [jvm.dll+0xc2e35]
V  [jvm.dll+0x3bb17c]
V  [jvm.dll+0x3857f5]
V  [jvm.dll+0x384c6a]
V  [jvm.dll+0x24b259]
V  [jvm.dll+0x24a651]
V  [jvm.dll+0x1ce491]
V  [jvm.dll+0x259e1b]
V  [jvm.dll+0x2584f0]
V  [jvm.dll+0x3f2895]
V  [jvm.dll+0x7f4b56]
V  [jvm.dll+0x6ba5cb]
C  [ucrtbase.dll+0x21bb2]
C  [KERNEL32.DLL+0x17614]
C  [ntdll.dll+0x526f1]


---------------  P R O C E S S  ---------------

Threads class SMR info:
_java_thread_list=0x0000023d257c2ac0, length=16, elements={
0x0000023d0229be50, 0x0000023d1ec9a6b0, 0x0000023d1ec9b650, 0x0000023d1ec9d880,
0x0000023d1eca0580, 0x0000023d1eca3070, 0x0000023d1eca90a0, 0x0000023d1eca64a0,
0x0000023d1eca7160, 0x0000023d1ec7d260, 0x0000023d232fe0b0, 0x0000023d232fe600,
0x0000023d23c3bde0, 0x0000023d23c3c7b0, 0x0000023d23726f40, 0x0000023d23727f30
}

Java Threads: ( => current thread )
  0x0000023d0229be50 JavaThread "main" [_thread_blocked, id=19344, stack(0x000000463c400000,0x000000463c500000)]
  0x0000023d1ec9a6b0 JavaThread "Reference Handler" daemon [_thread_blocked, id=456, stack(0x000000463cb00000,0x000000463cc00000)]
  0x0000023d1ec9b650 JavaThread "Finalizer" daemon [_thread_blocked, id=19080, stack(0x000000463cc00000,0x000000463cd00000)]
  0x0000023d1ec9d880 JavaThread "Signal Dispatcher" daemon [_thread_blocked, id=5648, stack(0x000000463cd00000,0x000000463ce00000)]
  0x0000023d1eca0580 JavaThread "Attach Listener" daemon [_thread_blocked, id=14268, stack(0x000000463ce00000,0x000000463cf00000)]
  0x0000023d1eca3070 JavaThread "Service Thread" daemon [_thread_blocked, id=3104, stack(0x000000463cf00000,0x000000463d000000)]
  0x0000023d1eca90a0 JavaThread "Monitor Deflation Thread" daemon [_thread_blocked, id=1456, stack(0x000000463d000000,0x000000463d100000)]
=>0x0000023d1eca64a0 JavaThread "C2 CompilerThread0" daemon [_thread_in_native, id=18968, stack(0x000000463d100000,0x000000463d200000)]
  0x0000023d1eca7160 JavaThread "C1 CompilerThread0" daemon [_thread_blocked, id=13776, stack(0x000000463d200000,0x000000463d300000)]
  0x0000023d1ec7d260 JavaThread "Common-Cleaner" daemon [_thread_blocked, id=11900, stack(0x000000463d300000,0x000000463d400000)]
  0x0000023d232fe0b0 JavaThread "Monitor Ctrl-Break" daemon [_thread_in_native, id=17688, stack(0x000000463d400000,0x000000463d500000)]
  0x0000023d232fe600 JavaThread "Notification Thread" daemon [_thread_blocked, id=780, stack(0x000000463d500000,0x000000463d600000)]
  0x0000023d23c3bde0 JavaThread "Thread-0" [_thread_blocked, id=12616, stack(0x000000463da00000,0x000000463db00000)]
  0x0000023d23c3c7b0 JavaThread "restartedMain" [_thread_in_vm, id=14164, stack(0x000000463db00000,0x000000463dc00000)]
  0x0000023d23726f40 JavaThread "Catalina-utility-1" [_thread_blocked, id=15284, stack(0x000000463dc00000,0x000000463dd00000)]
  0x0000023d23727f30 JavaThread "Catalina-utility-2" [_thread_blocked, id=12320, stack(0x000000463dd00000,0x000000463de00000)]

Other Threads:
  0x0000023d0235dea0 VMThread "VM Thread" [stack: 0x000000463ca00000,0x000000463cb00000] [id=13736]
  0x0000023d0229dd50 WatcherThread "VM Periodic Task Thread" [stack: 0x000000463d600000,0x000000463d700000] [id=8008]
  0x0000023d022dd660 WorkerThread "GC Thread#0" [stack: 0x000000463c500000,0x000000463c600000] [id=18524]
  0x0000023d236b7e10 WorkerThread "GC Thread#1" [stack: 0x000000463d700000,0x000000463d800000] [id=444]
  0x0000023d237bf9b0 WorkerThread "GC Thread#2" [stack: 0x000000463d800000,0x000000463d900000] [id=8776]
  0x0000023d237bfc80 WorkerThread "GC Thread#3" [stack: 0x000000463d900000,0x000000463da00000] [id=17912]
  0x0000023d022e62f0 ConcurrentGCThread "G1 Main Marker" [stack: 0x000000463c600000,0x000000463c700000] [id=15172]
  0x0000023d022e6d20 WorkerThread "G1 Conc#0" [stack: 0x000000463c700000,0x000000463c800000] [id=9976]
  0x0000023d02338890 ConcurrentGCThread "G1 Refine#0" [stack: 0x000000463c800000,0x000000463c900000] [id=17576]
  0x0000023d02339c70 ConcurrentGCThread "G1 Service" [stack: 0x000000463c900000,0x000000463ca00000] [id=6868]

Threads with active compile tasks:
C2 CompilerThread0    20255 4683   !   4       org.springframework.core.annotation.AnnotationsScanner::processClassHierarchy (234 bytes)

VM state: not at safepoint (normal execution)

VM Mutex/Monitor currently owned by a thread: None

OutOfMemory and StackOverflow Exception counts:
OutOfMemoryError java_heap_errors=1
LinkageErrors=514

Heap address: 0x00000000c1800000, size: 1000 MB, Compressed Oops mode: 32-bit

CDS archive(s) mapped at: [0x0000000800000000-0x0000000800c60000-0x0000000800c60000), size 12976128, SharedBaseAddress: 0x0000000800000000, ArchiveRelocationMode: 0.
Compressed class space mapped at: 0x0000000801000000-0x0000000841000000, reserved size: 1073741824
Narrow klass base: 0x0000000800000000, Narrow klass shift: 0, Narrow klass range: 0x100000000

GC Precious Log:
 CardTable entry size: 512
 Card Set container configuration: InlinePtr #cards 5 size 8 Array Of Cards #cards 12 size 40 Howl #buckets 4 coarsen threshold 1843 Howl Bitmap #cards 512 size 80 coarsen threshold 460 Card regions per heap region 1 cards per card region 2048
 CPUs: 4 total, 4 available
 Memory: 3992M
 Large Page Support: Disabled
 NUMA Support: Disabled
 Compressed Oops: Enabled (32-bit)
 Heap Region Size: 1M
 Heap Min Capacity: 8M
 Heap Initial Capacity: 64M
 Heap Max Capacity: 1000M
 Pre-touch: Disabled
 Parallel Workers: 4
 Concurrent Workers: 1
 Concurrent Refinement Workers: 4
 Periodic GC: Disabled

Heap:
 garbage-first heap   total 51200K, used 40038K [0x00000000c1800000, 0x0000000100000000)
  region size 1024K, 23 young (23552K), 2 survivors (2048K)
 Metaspace       used 40648K, committed 41152K, reserved 1114112K
  class space    used 5081K, committed 5312K, reserved 1048576K

Heap Regions: E=young(eden), S=young(survivor), O=old, HS=humongous(starts), HC=humongous(continues), CS=collection set, F=free, OA=open archive, CA=closed archive, TAMS=top-at-mark-start, PB=parsable bottom
|   0|0x00000000c1800000, 0x00000000c1900000, 0x00000000c1900000|100%|HS|  |TAMS 0x00000000c1800000| PB 0x00000000c1800000| Complete 
|   1|0x00000000c1900000, 0x00000000c1a00000, 0x00000000c1a00000|100%| O|  |TAMS 0x00000000c1900000| PB 0x00000000c1900000| Untracked 
|   2|0x00000000c1a00000, 0x00000000c1b00000, 0x00000000c1b00000|100%| O|  |TAMS 0x00000000c1a00000| PB 0x00000000c1a00000| Untracked 
|   3|0x00000000c1b00000, 0x00000000c1c00000, 0x00000000c1c00000|100%| O|  |TAMS 0x00000000c1b00000| PB 0x00000000c1b00000| Untracked 
|   4|0x00000000c1c00000, 0x00000000c1d00000, 0x00000000c1d00000|100%| O|  |TAMS 0x00000000c1c00000| PB 0x00000000c1c00000| Untracked 
|   5|0x00000000c1d00000, 0x00000000c1e00000, 0x00000000c1e00000|100%| O|  |TAMS 0x00000000c1d00000| PB 0x00000000c1d00000| Untracked 
|   6|0x00000000c1e00000, 0x00000000c1f00000, 0x00000000c1f00000|100%| O|  |TAMS 0x00000000c1e00000| PB 0x00000000c1e00000| Untracked 
|   7|0x00000000c1f00000, 0x00000000c2000000, 0x00000000c2000000|100%| O|  |TAMS 0x00000000c1f00000| PB 0x00000000c1f00000| Untracked 
|   8|0x00000000c2000000, 0x00000000c2100000, 0x00000000c2100000|100%| O|  |TAMS 0x00000000c2000000| PB 0x00000000c2000000| Untracked 
|   9|0x00000000c2100000, 0x00000000c2200000, 0x00000000c2200000|100%| O|  |TAMS 0x00000000c2100000| PB 0x00000000c2100000| Untracked 
|  10|0x00000000c2200000, 0x00000000c2300000, 0x00000000c2300000|100%| O|  |TAMS 0x00000000c2200000| PB 0x00000000c2200000| Untracked 
|  11|0x00000000c2300000, 0x00000000c2400000, 0x00000000c2400000|100%| O|  |TAMS 0x00000000c2300000| PB 0x00000000c2300000| Untracked 
|  12|0x00000000c2400000, 0x00000000c2500000, 0x00000000c2500000|100%| O|  |TAMS 0x00000000c2400000| PB 0x00000000c2400000| Complete 
|  13|0x00000000c2500000, 0x00000000c2600000, 0x00000000c2600000|100%| O|  |TAMS 0x00000000c2500000| PB 0x00000000c2500000| Untracked 
|  14|0x00000000c2600000, 0x00000000c2700000, 0x00000000c2700000|100%| O|  |TAMS 0x00000000c2600000| PB 0x00000000c2600000| Untracked 
|  15|0x00000000c2700000, 0x00000000c2800000, 0x00000000c2800000|100%| O|  |TAMS 0x00000000c2700000| PB 0x00000000c2700000| Untracked 
|  16|0x00000000c2800000, 0x00000000c28c4000, 0x00000000c2900000| 76%| O|  |TAMS 0x00000000c2800000| PB 0x00000000c2800000| Untracked 
|  17|0x00000000c2900000, 0x00000000c2900000, 0x00000000c2a00000|  0%| F|  |TAMS 0x00000000c2900000| PB 0x00000000c2900000| Untracked 
|  18|0x00000000c2a00000, 0x00000000c2a00000, 0x00000000c2b00000|  0%| F|  |TAMS 0x00000000c2a00000| PB 0x00000000c2a00000| Untracked 
|  19|0x00000000c2b00000, 0x00000000c2b00000, 0x00000000c2c00000|  0%| F|  |TAMS 0x00000000c2b00000| PB 0x00000000c2b00000| Untracked 
|  20|0x00000000c2c00000, 0x00000000c2d00000, 0x00000000c2d00000|100%| O|  |TAMS 0x00000000c2c00000| PB 0x00000000c2c00000| Untracked 
|  21|0x00000000c2d00000, 0x00000000c2e00000, 0x00000000c2e00000|100%| O|  |TAMS 0x00000000c2d00000| PB 0x00000000c2d00000| Untracked 
|  22|0x00000000c2e00000, 0x00000000c2e00000, 0x00000000c2f00000|  0%| F|  |TAMS 0x00000000c2e00000| PB 0x00000000c2e00000| Untracked 
|  23|0x00000000c2f00000, 0x00000000c2f00000, 0x00000000c3000000|  0%| F|  |TAMS 0x00000000c2f00000| PB 0x00000000c2f00000| Untracked 
|  24|0x00000000c3000000, 0x00000000c3000000, 0x00000000c3100000|  0%| F|  |TAMS 0x00000000c3000000| PB 0x00000000c3000000| Untracked 
|  25|0x00000000c3100000, 0x00000000c3100000, 0x00000000c3200000|  0%| F|  |TAMS 0x00000000c3100000| PB 0x00000000c3100000| Untracked 
|  26|0x00000000c3200000, 0x00000000c3200000, 0x00000000c3300000|  0%| F|  |TAMS 0x00000000c3200000| PB 0x00000000c3200000| Untracked 
|  27|0x00000000c3300000, 0x00000000c33ded90, 0x00000000c3400000| 87%| E|  |TAMS 0x00000000c3300000| PB 0x00000000c3300000| Complete 
|  28|0x00000000c3400000, 0x00000000c3500000, 0x00000000c3500000|100%| E|CS|TAMS 0x00000000c3400000| PB 0x00000000c3400000| Complete 
|  29|0x00000000c3500000, 0x00000000c3600000, 0x00000000c3600000|100%| E|CS|TAMS 0x00000000c3500000| PB 0x00000000c3500000| Complete 
|  30|0x00000000c3600000, 0x00000000c3700000, 0x00000000c3700000|100%| E|CS|TAMS 0x00000000c3600000| PB 0x00000000c3600000| Complete 
|  31|0x00000000c3700000, 0x00000000c3800000, 0x00000000c3800000|100%| E|CS|TAMS 0x00000000c3700000| PB 0x00000000c3700000| Complete 
|  32|0x00000000c3800000, 0x00000000c3900000, 0x00000000c3900000|100%| E|CS|TAMS 0x00000000c3800000| PB 0x00000000c3800000| Complete 
|  33|0x00000000c3900000, 0x00000000c3a00000, 0x00000000c3a00000|100%| E|CS|TAMS 0x00000000c3900000| PB 0x00000000c3900000| Complete 
|  34|0x00000000c3a00000, 0x00000000c3b00000, 0x00000000c3b00000|100%| E|  |TAMS 0x00000000c3a00000| PB 0x00000000c3a00000| Complete 
|  35|0x00000000c3b00000, 0x00000000c3b55bf0, 0x00000000c3c00000| 33%| S|CS|TAMS 0x00000000c3b00000| PB 0x00000000c3b00000| Complete 
|  36|0x00000000c3c00000, 0x00000000c3d00000, 0x00000000c3d00000|100%| S|CS|TAMS 0x00000000c3c00000| PB 0x00000000c3c00000| Complete 
|  37|0x00000000c3d00000, 0x00000000c3e00000, 0x00000000c3e00000|100%| E|CS|TAMS 0x00000000c3d00000| PB 0x00000000c3d00000| Complete 
|  38|0x00000000c3e00000, 0x00000000c3f00000, 0x00000000c3f00000|100%| E|CS|TAMS 0x00000000c3e00000| PB 0x00000000c3e00000| Complete 
|  39|0x00000000c3f00000, 0x00000000c4000000, 0x00000000c4000000|100%| E|CS|TAMS 0x00000000c3f00000| PB 0x00000000c3f00000| Complete 
|  40|0x00000000c4000000, 0x00000000c4100000, 0x00000000c4100000|100%| E|CS|TAMS 0x00000000c4000000| PB 0x00000000c4000000| Complete 
|  41|0x00000000c4100000, 0x00000000c4200000, 0x00000000c4200000|100%| E|CS|TAMS 0x00000000c4100000| PB 0x00000000c4100000| Complete 
|  42|0x00000000c4200000, 0x00000000c4300000, 0x00000000c4300000|100%| E|CS|TAMS 0x00000000c4200000| PB 0x00000000c4200000| Complete 
|  43|0x00000000c4300000, 0x00000000c4400000, 0x00000000c4400000|100%| E|CS|TAMS 0x00000000c4300000| PB 0x00000000c4300000| Complete 
|  44|0x00000000c4400000, 0x00000000c4500000, 0x00000000c4500000|100%| E|CS|TAMS 0x00000000c4400000| PB 0x00000000c4400000| Complete 
|  45|0x00000000c4500000, 0x00000000c4600000, 0x00000000c4600000|100%| E|CS|TAMS 0x00000000c4500000| PB 0x00000000c4500000| Complete 
|  46|0x00000000c4600000, 0x00000000c4700000, 0x00000000c4700000|100%| E|CS|TAMS 0x00000000c4600000| PB 0x00000000c4600000| Complete 
|  47|0x00000000c4700000, 0x00000000c4800000, 0x00000000c4800000|100%| E|CS|TAMS 0x00000000c4700000| PB 0x00000000c4700000| Complete 
|  48|0x00000000c4800000, 0x00000000c4900000, 0x00000000c4900000|100%| E|CS|TAMS 0x00000000c4800000| PB 0x00000000c4800000| Complete 
|  63|0x00000000c5700000, 0x00000000c5800000, 0x00000000c5800000|100%| E|CS|TAMS 0x00000000c5700000| PB 0x00000000c5700000| Complete 

Card table byte_map: [0x0000023d1b380000,0x0000023d1b580000] _byte_map_base: 0x0000023d1ad74000

Marking Bits: (CMBitMap*) 0x0000023d022ddc90
 Bits: [0x0000023d1b780000, 0x0000023d1c720000)

Polling page: 0x0000023d02060000

Metaspace:

Usage:
  Non-class:     34.73 MB used.
      Class:      4.96 MB used.
       Both:     39.70 MB used.

Virtual space:
  Non-class space:       64.00 MB reserved,      35.00 MB ( 55%) committed,  1 nodes.
      Class space:        1.00 GB reserved,       5.19 MB ( <1%) committed,  1 nodes.
             Both:        1.06 GB reserved,      40.19 MB (  4%) committed. 

Chunk freelists:
   Non-Class:  336.00 KB
       Class:  2.83 MB
        Both:  3.16 MB

MaxMetaspaceSize: unlimited
CompressedClassSpaceSize: 1.00 GB
Initial GC threshold: 21.00 MB
Current GC threshold: 58.69 MB
CDS: on
MetaspaceReclaimPolicy: balanced
 - commit_granule_bytes: 65536.
 - commit_granule_words: 8192.
 - virtual_space_node_default_size: 8388608.
 - enlarge_chunks_in_place: 1.
 - new_chunks_are_fully_committed: 0.
 - uncommit_free_chunks: 1.
 - use_allocation_guard: 0.


Internal statistics:

num_allocs_failed_limit: 6.
num_arena_births: 674.
num_arena_deaths: 0.
num_vsnodes_births: 2.
num_vsnodes_deaths: 0.
num_space_committed: 643.
num_space_uncommitted: 0.
num_chunks_returned_to_freelist: 6.
num_chunks_taken_from_freelist: 2124.
num_chunk_merges: 6.
num_chunk_splits: 1487.
num_chunks_enlarged: 1136.
num_inconsistent_stats: 0.

CodeHeap 'non-profiled nmethods': size=120000Kb used=2089Kb max_used=2089Kb free=117910Kb
 bounds [0x0000023d13630000, 0x0000023d138a0000, 0x0000023d1ab60000]
CodeHeap 'profiled nmethods': size=120000Kb used=8408Kb max_used=8904Kb free=111592Kb
 bounds [0x0000023d0bb60000, 0x0000023d0c420000, 0x0000023d13090000]
CodeHeap 'non-nmethods': size=5760Kb used=1712Kb max_used=1750Kb free=4047Kb
 bounds [0x0000023d13090000, 0x0000023d13300000, 0x0000023d13630000]
 total_blobs=4932 nmethods=4244 adapters=598
 compilation: enabled
              stopped_count=0, restarted_count=0
 full_count=0

Compilation events (20 events):
Event: 19.703 Thread 0x0000023d1eca64a0 nmethod 4679 0x0000023d13837e10 code [0x0000023d13837fc0, 0x0000023d138385e0]
Event: 19.723 Thread 0x0000023d1eca64a0 4680   !   4       java.lang.ClassLoader::addClass (27 bytes)
Event: 19.745 Thread 0x0000023d1eca64a0 nmethod 4680 0x0000023d13838b90 code [0x0000023d13838d20, 0x0000023d13839810]
Event: 19.745 Thread 0x0000023d1eca64a0 4681       4       java.lang.invoke.Invokers$Holder::linkToTargetMethod (10 bytes)
Event: 19.747 Thread 0x0000023d1eca64a0 nmethod 4681 0x0000023d13839b90 code [0x0000023d13839d00, 0x0000023d13839de8]
Event: 19.756 Thread 0x0000023d1eca7160 4682       3       org.springframework.core.annotation.AnnotationAwareOrderComparator::findOrderFromAnnotation (69 bytes)
Event: 19.756 Thread 0x0000023d1eca64a0 4683   !   4       org.springframework.core.annotation.AnnotationsScanner::processClassHierarchy (234 bytes)
Event: 19.757 Thread 0x0000023d1eca7160 nmethod 4682 0x0000023d0bc10890 code [0x0000023d0bc10aa0, 0x0000023d0bc113c0]
Event: 19.757 Thread 0x0000023d1eca7160 4684       3       org.springframework.core.OrderComparator::getOrder (22 bytes)
Event: 19.757 Thread 0x0000023d1eca7160 nmethod 4684 0x0000023d0bc10390 code [0x0000023d0bc10540, 0x0000023d0bc107c8]
Event: 19.759 Thread 0x0000023d1eca7160 4685       3       org.springframework.core.OrderComparator::getOrder (111 bytes)
Event: 19.760 Thread 0x0000023d1eca7160 nmethod 4685 0x0000023d0bbc7b10 code [0x0000023d0bbc7d20, 0x0000023d0bbc8498]
Event: 19.762 Thread 0x0000023d1eca7160 4688       3       sun.reflect.generics.reflectiveObjects.ParameterizedTypeImpl::make (11 bytes)
Event: 19.763 Thread 0x0000023d1eca7160 nmethod 4688 0x0000023d0bc0fb10 code [0x0000023d0bc0fce0, 0x0000023d0bc100c0]
Event: 19.763 Thread 0x0000023d1eca7160 4690       3       sun.reflect.generics.parser.SignatureParser::parseZeroOrMoreFormalTypeParameters (19 bytes)
Event: 19.764 Thread 0x0000023d1eca7160 nmethod 4690 0x0000023d0bbc7610 code [0x0000023d0bbc77c0, 0x0000023d0bbc7a28]
Event: 19.764 Thread 0x0000023d1eca7160 4691       3       sun.reflect.generics.visitor.Reifier::reifyTypeArguments (38 bytes)
Event: 19.765 Thread 0x0000023d1eca7160 nmethod 4691 0x0000023d0bbc6d90 code [0x0000023d0bbc6f40, 0x0000023d0bbc7440]
Event: 19.765 Thread 0x0000023d1eca7160 4692       3       sun.reflect.generics.parser.SignatureParser::parseClassSignature (37 bytes)
Event: 19.765 Thread 0x0000023d1eca7160 nmethod 4692 0x0000023d0bbc6710 code [0x0000023d0bbc68e0, 0x0000023d0bbc6c48]

GC Heap History (16 events):
Event: 1.748 GC heap before
{Heap before GC invocations=0 (full 0):
 garbage-first heap   total 65536K, used 13312K [0x00000000c1800000, 0x0000000100000000)
  region size 1024K, 13 young (13312K), 0 survivors (0K)
 Metaspace       used 3183K, committed 3328K, reserved 1114112K
  class space    used 312K, committed 384K, reserved 1048576K
}
Event: 1.803 GC heap after
{Heap after GC invocations=1 (full 0):
 garbage-first heap   total 65536K, used 6912K [0x00000000c1800000, 0x0000000100000000)
  region size 1024K, 2 young (2048K), 2 survivors (2048K)
 Metaspace       used 3183K, committed 3328K, reserved 1114112K
  class space    used 312K, committed 384K, reserved 1048576K
}
Event: 3.084 GC heap before
{Heap before GC invocations=1 (full 0):
 garbage-first heap   total 65536K, used 18176K [0x00000000c1800000, 0x0000000100000000)
  region size 1024K, 13 young (13312K), 2 survivors (2048K)
 Metaspace       used 5709K, committed 5824K, reserved 1114112K
  class space    used 646K, committed 704K, reserved 1048576K
}
Event: 3.088 GC heap after
{Heap after GC invocations=2 (full 0):
 garbage-first heap   total 65536K, used 7692K [0x00000000c1800000, 0x0000000100000000)
  region size 1024K, 1 young (1024K), 1 survivors (1024K)
 Metaspace       used 5709K, committed 5824K, reserved 1114112K
  class space    used 646K, committed 704K, reserved 1048576K
}
Event: 4.702 GC heap before
{Heap before GC invocations=2 (full 0):
 garbage-first heap   total 65536K, used 32268K [0x00000000c1800000, 0x0000000100000000)
  region size 1024K, 26 young (26624K), 1 survivors (1024K)
 Metaspace       used 12594K, committed 12864K, reserved 1114112K
  class space    used 1463K, committed 1600K, reserved 1048576K
}
Event: 4.712 GC heap after
{Heap after GC invocations=3 (full 0):
 garbage-first heap   total 65536K, used 10068K [0x00000000c1800000, 0x0000000100000000)
  region size 1024K, 3 young (3072K), 3 survivors (3072K)
 Metaspace       used 12594K, committed 12864K, reserved 1114112K
  class space    used 1463K, committed 1600K, reserved 1048576K
}
Event: 7.614 GC heap before
{Heap before GC invocations=3 (full 0):
 garbage-first heap   total 65536K, used 44884K [0x00000000c1800000, 0x0000000100000000)
  region size 1024K, 38 young (38912K), 3 survivors (3072K)
 Metaspace       used 18663K, committed 18944K, reserved 1114112K
  class space    used 2206K, committed 2304K, reserved 1048576K
}
Event: 7.627 GC heap after
{Heap after GC invocations=4 (full 0):
 garbage-first heap   total 65536K, used 12743K [0x00000000c1800000, 0x0000000100000000)
  region size 1024K, 5 young (5120K), 5 survivors (5120K)
 Metaspace       used 18663K, committed 18944K, reserved 1114112K
  class space    used 2206K, committed 2304K, reserved 1048576K
}
Event: 8.900 GC heap before
{Heap before GC invocations=4 (full 0):
 garbage-first heap   total 65536K, used 28103K [0x00000000c1800000, 0x0000000100000000)
  region size 1024K, 21 young (21504K), 5 survivors (5120K)
 Metaspace       used 21219K, committed 21504K, reserved 1114112K
  class space    used 2541K, committed 2624K, reserved 1048576K
}
Event: 8.911 GC heap after
{Heap after GC invocations=5 (full 0):
 garbage-first heap   total 65536K, used 14098K [0x00000000c1800000, 0x0000000100000000)
  region size 1024K, 4 young (4096K), 4 survivors (4096K)
 Metaspace       used 21219K, committed 21504K, reserved 1114112K
  class space    used 2541K, committed 2624K, reserved 1048576K
}
Event: 10.507 GC heap before
{Heap before GC invocations=6 (full 0):
 garbage-first heap   total 51200K, used 39698K [0x00000000c1800000, 0x0000000100000000)
  region size 1024K, 30 young (30720K), 4 survivors (4096K)
 Metaspace       used 26741K, committed 27200K, reserved 1114112K
  class space    used 3305K, committed 3520K, reserved 1048576K
}
Event: 10.521 GC heap after
{Heap after GC invocations=7 (full 0):
 garbage-first heap   total 51200K, used 17261K [0x00000000c1800000, 0x0000000100000000)
  region size 1024K, 4 young (4096K), 4 survivors (4096K)
 Metaspace       used 26741K, committed 27200K, reserved 1114112K
  class space    used 3305K, committed 3520K, reserved 1048576K
}
Event: 11.824 GC heap before
{Heap before GC invocations=7 (full 0):
 garbage-first heap   total 51200K, used 39789K [0x00000000c1800000, 0x0000000100000000)
  region size 1024K, 26 young (26624K), 4 survivors (4096K)
 Metaspace       used 31089K, committed 31616K, reserved 1114112K
  class space    used 3841K, committed 4096K, reserved 1048576K
}
Event: 11.844 GC heap after
{Heap after GC invocations=8 (full 0):
 garbage-first heap   total 51200K, used 19375K [0x00000000c1800000, 0x0000000100000000)
  region size 1024K, 3 young (3072K), 3 survivors (3072K)
 Metaspace       used 31089K, committed 31616K, reserved 1114112K
  class space    used 3841K, committed 4096K, reserved 1048576K
}
Event: 13.451 GC heap before
{Heap before GC invocations=8 (full 0):
 garbage-first heap   total 51200K, used 31663K [0x00000000c1800000, 0x0000000100000000)
  region size 1024K, 16 young (16384K), 3 survivors (3072K)
 Metaspace       used 35477K, committed 35968K, reserved 1114112K
  class space    used 4412K, committed 4672K, reserved 1048576K
}
Event: 13.458 GC heap after
{Heap after GC invocations=9 (full 0):
 garbage-first heap   total 51200K, used 20582K [0x00000000c1800000, 0x0000000100000000)
  region size 1024K, 2 young (2048K), 2 survivors (2048K)
 Metaspace       used 35477K, committed 35968K, reserved 1114112K
  class space    used 4412K, committed 4672K, reserved 1048576K
}

Dll operation events (15 events):
Event: 0.019 Loaded shared library C:\Program Files\Java\jdk-20\bin\java.dll
Event: 0.037 Loaded shared library C:\Program Files\Java\jdk-20\bin\jsvml.dll
Event: 0.304 Loaded shared library C:\Program Files\Java\jdk-20\bin\zip.dll
Event: 0.316 Loaded shared library C:\Program Files\Java\jdk-20\bin\instrument.dll
Event: 0.330 Loaded shared library C:\Program Files\Java\jdk-20\bin\net.dll
Event: 0.336 Loaded shared library C:\Program Files\Java\jdk-20\bin\nio.dll
Event: 0.345 Loaded shared library C:\Program Files\Java\jdk-20\bin\zip.dll
Event: 0.895 Loaded shared library C:\Program Files\JetBrains\IntelliJ IDEA Community Edition 2023.1.3\bin\breakgen64.dll
Event: 0.971 Loaded shared library C:\Program Files\Java\jdk-20\bin\extnet.dll
Event: 1.127 Loaded shared library C:\Program Files\Java\jdk-20\bin\jimage.dll
Event: 2.300 Loaded shared library C:\Program Files\Java\jdk-20\bin\management.dll
Event: 2.313 Loaded shared library C:\Program Files\Java\jdk-20\bin\management_ext.dll
Event: 9.353 Loaded shared library C:\Program Files\Java\jdk-20\bin\verify.dll
Event: 10.406 Loaded shared library C:\Program Files\Java\jdk-20\bin\sunmscapi.dll
Event: 13.342 Loaded shared library C:\Users\LENOVO\AppData\Local\Temp\jffi1395610427323334290.dll

Deoptimization events (20 events):
Event: 15.004 Thread 0x0000023d23727490 Uncommon trap: trap_request=0xffffffc6 fr.pc=0x0000023d137c7d00 relative=0x00000000000006a0
Event: 15.004 Thread 0x0000023d23727490 Uncommon trap: reason=bimorphic_or_optimized_type_check action=maybe_recompile pc=0x0000023d137c7d00 method=java.util.regex.Pattern$Start.match(Ljava/util/regex/Matcher;ILjava/lang/CharSequence;)Z @ 44 c2
Event: 15.004 Thread 0x0000023d23727490 DEOPT PACKING pc=0x0000023d137c7d00 sp=0x000000463e0fbc80
Event: 15.004 Thread 0x0000023d23727490 DEOPT UNPACKING pc=0x0000023d130f9d22 sp=0x000000463e0fbc50 mode 2
Event: 15.912 Thread 0x0000023d26677b00 Uncommon trap: trap_request=0xffffff45 fr.pc=0x0000023d137ba548 relative=0x00000000000000c8
Event: 15.912 Thread 0x0000023d26677b00 Uncommon trap: reason=unstable_if action=reinterpret pc=0x0000023d137ba548 method=java.lang.CharacterDataLatin1.digit(II)I @ 7 c2
Event: 15.912 Thread 0x0000023d26677b00 DEOPT PACKING pc=0x0000023d137ba548 sp=0x000000463e2fe2c0
Event: 15.912 Thread 0x0000023d26677b00 DEOPT UNPACKING pc=0x0000023d130f9d22 sp=0x000000463e2fe180 mode 2
Event: 16.075 Thread 0x0000023d26677b00 Uncommon trap: trap_request=0xffffff45 fr.pc=0x0000023d137c2264 relative=0x0000000000000244
Event: 16.075 Thread 0x0000023d26677b00 Uncommon trap: reason=unstable_if action=reinterpret pc=0x0000023d137c2264 method=java.util.HashMap.getNode(Ljava/lang/Object;)Ljava/util/HashMap$Node; @ 85 c2
Event: 16.075 Thread 0x0000023d26677b00 DEOPT PACKING pc=0x0000023d137c2264 sp=0x000000463e2fe820
Event: 16.075 Thread 0x0000023d26677b00 DEOPT UNPACKING pc=0x0000023d130f9d22 sp=0x000000463e2fe738 mode 2
Event: 19.079 Thread 0x0000023d23c3c7b0 Uncommon trap: trap_request=0xffffff45 fr.pc=0x0000023d136bf36c relative=0x000000000000006c
Event: 19.079 Thread 0x0000023d23c3c7b0 Uncommon trap: reason=unstable_if action=reinterpret pc=0x0000023d136bf36c method=org.springframework.util.ConcurrentReferenceHashMap$Segment.clear()V @ 7 c2
Event: 19.079 Thread 0x0000023d23c3c7b0 DEOPT PACKING pc=0x0000023d136bf36c sp=0x000000463dbfef60
Event: 19.079 Thread 0x0000023d23c3c7b0 DEOPT UNPACKING pc=0x0000023d130f9d22 sp=0x000000463dbfeef0 mode 2
Event: 19.130 Thread 0x0000023d23c3c7b0 Uncommon trap: trap_request=0xffffff45 fr.pc=0x0000023d137690d8 relative=0x0000000000000498
Event: 19.130 Thread 0x0000023d23c3c7b0 Uncommon trap: reason=unstable_if action=reinterpret pc=0x0000023d137690d8 method=java.lang.StringConcatHelper.stringOf(Ljava/lang/Object;)Ljava/lang/String; @ 1 c2
Event: 19.130 Thread 0x0000023d23c3c7b0 DEOPT PACKING pc=0x0000023d137690d8 sp=0x000000463dbfdd60
Event: 19.130 Thread 0x0000023d23c3c7b0 DEOPT UNPACKING pc=0x0000023d130f9d22 sp=0x000000463dbfdcb0 mode 2

Classes loaded (20 events):
Event: 19.199 Loading class com/sun/beans/introspect/ClassInfo
Event: 19.200 Loading class com/sun/beans/introspect/ClassInfo done
Event: 19.201 Loading class com/sun/beans/introspect/ClassInfo$1
Event: 19.201 Loading class com/sun/beans/util/Cache
Event: 19.202 Loading class com/sun/beans/util/Cache done
Event: 19.202 Loading class com/sun/beans/introspect/ClassInfo$1 done
Event: 19.202 Loading class com/sun/beans/util/Cache$Kind
Event: 19.202 Loading class com/sun/beans/util/Cache$Kind done
Event: 19.202 Loading class com/sun/beans/util/Cache$Kind$1
Event: 19.203 Loading class com/sun/beans/util/Cache$Kind$1 done
Event: 19.203 Loading class com/sun/beans/util/Cache$Kind$2
Event: 19.203 Loading class com/sun/beans/util/Cache$Kind$2 done
Event: 19.203 Loading class com/sun/beans/util/Cache$Kind$3
Event: 19.204 Loading class com/sun/beans/util/Cache$Kind$3 done
Event: 19.204 Loading class com/sun/beans/util/Cache$CacheEntry
Event: 19.204 Loading class com/sun/beans/util/Cache$CacheEntry done
Event: 19.204 Loading class java/util/WeakHashMap$KeyIterator
Event: 19.205 Loading class java/util/WeakHashMap$HashIterator
Event: 19.205 Loading class java/util/WeakHashMap$HashIterator done
Event: 19.205 Loading class java/util/WeakHashMap$KeyIterator done

Classes unloaded (0 events):
No events

Classes redefined (0 events):
No events

Internal exceptions (20 events):
Event: 14.888 Thread 0x0000023d23727490 Exception <a 'java/lang/UnsatisfiedLinkError'{0x00000000c43c08d0}: The specified procedure could not be found.
> (0x00000000c43c08d0) 
thrown [s\open\src\hotspot\share\prims\jni.cpp, line 538]
Event: 14.888 Thread 0x0000023d23727490 Exception <a 'java/lang/UnsatisfiedLinkError'{0x00000000c43c0f08}: The specified procedure could not be found.
> (0x00000000c43c0f08) 
thrown [s\open\src\hotspot\share\prims\jni.cpp, line 538]
Event: 14.888 Thread 0x0000023d23727490 Exception <a 'java/lang/UnsatisfiedLinkError'{0x00000000c43c1540}: The specified procedure could not be found.
> (0x00000000c43c1540) 
thrown [s\open\src\hotspot\share\prims\jni.cpp, line 538]
Event: 14.894 Thread 0x0000023d23727490 Exception <a 'java/lang/UnsatisfiedLinkError'{0x00000000c43d5168}: The specified procedure could not be found.
> (0x00000000c43d5168) 
thrown [s\open\src\hotspot\share\prims\jni.cpp, line 538]
Event: 14.907 Thread 0x0000023d23727490 Exception <a 'java/lang/UnsatisfiedLinkError'{0x00000000c4211070}: The specified procedure could not be found.
> (0x00000000c4211070) 
thrown [s\open\src\hotspot\share\prims\jni.cpp, line 538]
Event: 14.907 Thread 0x0000023d23727490 Exception <a 'java/lang/UnsatisfiedLinkError'{0x00000000c42116a8}: The specified procedure could not be found.
> (0x00000000c42116a8) 
thrown [s\open\src\hotspot\share\prims\jni.cpp, line 538]
Event: 14.907 Thread 0x0000023d23727490 Exception <a 'java/lang/UnsatisfiedLinkError'{0x00000000c4211ce0}: The specified procedure could not be found.
> (0x00000000c4211ce0) 
thrown [s\open\src\hotspot\share\prims\jni.cpp, line 538]
Event: 15.009 Thread 0x0000023d23727490 Exception <a 'java/lang/UnsatisfiedLinkError'{0x00000000c4243e10}: The specified procedure could not be found.
> (0x00000000c4243e10) 
thrown [s\open\src\hotspot\share\prims\jni.cpp, line 538]
Event: 15.009 Thread 0x0000023d23727490 Exception <a 'java/lang/UnsatisfiedLinkError'{0x00000000c42462b8}: The specified procedure could not be found.
> (0x00000000c42462b8) 
thrown [s\open\src\hotspot\share\prims\jni.cpp, line 538]
Event: 15.249 Thread 0x0000023d237289d0 Exception <a 'java/lang/NoSuchMethodError'{0x00000000c4121338}: 'java.lang.Object java.lang.invoke.DirectMethodHandle$Holder.newInvokeSpecial(java.lang.Object, java.lang.Object, int, int)'> (0x00000000c4121338) 
thrown [s\open\src\hotspot\share\interpreter\linkResolver.cpp, line 773]
Event: 15.249 Thread 0x0000023d237289d0 Exception <a 'java/lang/NoSuchMethodError'{0x00000000c4125298}: 'java.lang.Object java.lang.invoke.DirectMethodHandle$Holder.invokeSpecial(java.lang.Object, java.lang.Object, java.lang.Object, int, int)'> (0x00000000c4125298) 
thrown [s\open\src\hotspot\share\interpreter\linkResolver.cpp, line 773]
Event: 15.599 Thread 0x0000023d237289d0 Exception <a 'java/lang/NoSuchMethodError'{0x00000000c3faeaa0}: 'long java.lang.invoke.DelegatingMethodHandle$Holder.reinvoke_L(java.lang.Object, java.lang.Object)'> (0x00000000c3faeaa0) 
thrown [s\open\src\hotspot\share\interpreter\linkResolver.cpp, line 773]
Event: 16.657 Thread 0x0000023d26676070 Exception <a 'java/lang/OutOfMemoryError'{0x00000000c36694b8}> (0x00000000c36694b8) 
thrown [s\open\src\hotspot\share\prims\jni.cpp, line 519]
Event: 16.706 Thread 0x0000023d23727490 Exception <a 'java/lang/NoSuchMethodError'{0x00000000c351f6a0}: 'java.lang.Object java.lang.invoke.DirectMethodHandle$Holder.newInvokeSpecial(java.lang.Object, java.lang.Object, int, java.lang.Object)'> (0x00000000c351f6a0) 
thrown [s\open\src\hotspot\share\interpreter\linkResolver.cpp, line 773]
Event: 16.707 Thread 0x0000023d23727490 Exception <a 'java/lang/NoSuchMethodError'{0x00000000c3523000}: 'java.lang.Object java.lang.invoke.Invokers$Holder.linkToTargetMethod(java.lang.Object, int, java.lang.Object, java.lang.Object)'> (0x00000000c3523000) 
thrown [s\open\src\hotspot\share\interpreter\linkResolver.cpp, line 773]
Event: 19.057 Thread 0x0000023d23728f20 Exception <a 'java/lang/InterruptedException'{0x00000000c35cd750}: sleep interrupted> (0x00000000c35cd750) 
thrown [s\open\src\hotspot\share\prims\jvm.cpp, line 3086]
Event: 19.078 Thread 0x0000023d23c3c7b0 Exception <a 'java/lang/NoSuchMethodError'{0x00000000c35ea0f0}: 'void java.lang.invoke.DirectMethodHandle$Holder.invokeInterface(java.lang.Object, java.lang.Object)'> (0x00000000c35ea0f0) 
thrown [s\open\src\hotspot\share\interpreter\linkResolver.cpp, line 773]
Event: 19.214 Thread 0x0000023d2372a460 Exception <a 'java/lang/InterruptedException'{0x00000000c3453600}: sleep interrupted> (0x00000000c3453600) 
thrown [s\open\src\hotspot\share\prims\jvm.cpp, line 3086]
Event: 19.585 Thread 0x0000023d23c3c7b0 Exception <a 'java/lang/NoClassDefFoundError'{0x00000000c34d3c08}: jakarta/validation/ValidationException> (0x00000000c34d3c08) 
thrown [s\open\src\hotspot\share\classfile\systemDictionary.cpp, line 294]
Event: 19.692 Thread 0x0000023d23c3c7b0 Exception <a 'java/lang/NoClassDefFoundError'{0x00000000c34f2ca8}: liquibase/exception/ChangeLogParseException> (0x00000000c34f2ca8) 
thrown [s\open\src\hotspot\share\classfile\systemDictionary.cpp, line 294]

VM Operations (20 events):
Event: 13.450 Executing VM operation: CollectForMetadataAllocation
Event: 13.459 Executing VM operation: CollectForMetadataAllocation done
Event: 13.533 Executing VM operation: G1PauseRemark
Event: 13.543 Executing VM operation: G1PauseRemark done
Event: 13.567 Executing VM operation: G1PauseCleanup
Event: 13.592 Executing VM operation: G1PauseCleanup done
Event: 14.593 Executing VM operation: Cleanup
Event: 14.627 Executing VM operation: Cleanup done
Event: 15.017 Executing VM operation: HandshakeAllThreads
Event: 15.017 Executing VM operation: HandshakeAllThreads done
Event: 16.020 Executing VM operation: Cleanup
Event: 16.020 Executing VM operation: Cleanup done
Event: 16.487 Executing VM operation: HandshakeAllThreads
Event: 16.487 Executing VM operation: HandshakeAllThreads done
Event: 17.488 Executing VM operation: Cleanup
Event: 17.488 Executing VM operation: Cleanup done
Event: 18.492 Executing VM operation: Cleanup
Event: 18.492 Executing VM operation: Cleanup done
Event: 19.509 Executing VM operation: Cleanup
Event: 19.509 Executing VM operation: Cleanup done

Events (20 events):
Event: 16.716 Thread 0x0000023d26677060 Thread added: 0x0000023d26677060
Event: 16.716 Thread 0x0000023d266785a0 Thread added: 0x0000023d266785a0
Event: 16.716 Thread 0x0000023d26675080 Thread added: 0x0000023d26675080
Event: 16.717 Thread 0x0000023d266775b0 Thread exited: 0x0000023d266775b0
Event: 18.599 Thread 0x0000023d266755d0 Thread added: 0x0000023d266755d0
Event: 18.599 Thread 0x0000023d26677b00 Thread exited: 0x0000023d26677b00
Event: 18.601 Thread 0x0000023d26678050 Thread exited: 0x0000023d26678050
Event: 18.616 Thread 0x0000023d266755d0 Thread exited: 0x0000023d266755d0
Event: 18.700 Thread 0x0000023d266755d0 Thread added: 0x0000023d266755d0
Event: 18.700 Thread 0x0000023d26676070 Thread exited: 0x0000023d26676070
Event: 18.715 Thread 0x0000023d237289d0 Thread exited: 0x0000023d237289d0
Event: 18.719 Thread 0x0000023d26676b10 Thread exited: 0x0000023d26676b10
Event: 18.733 Thread 0x0000023d266785a0 Thread exited: 0x0000023d266785a0
Event: 18.754 Thread 0x0000023d26675080 Thread exited: 0x0000023d26675080
Event: 18.763 Thread 0x0000023d26677060 Thread exited: 0x0000023d26677060
Event: 19.004 Thread 0x0000023d23727490 Thread exited: 0x0000023d23727490
Event: 19.005 Thread 0x0000023d266765c0 Thread exited: 0x0000023d266765c0
Event: 19.059 Thread 0x0000023d23728f20 Thread exited: 0x0000023d23728f20
Event: 19.214 Thread 0x0000023d2372a460 Thread exited: 0x0000023d2372a460
Event: 19.684 Thread 0x0000023d266755d0 Thread exited: 0x0000023d266755d0


Dynamic libraries:
0x00007ff66a410000 - 0x00007ff66a420000 	C:\Program Files\Java\jdk-20\bin\java.exe
0x00007ffdc7310000 - 0x00007ffdc7508000 	C:\WINDOWS\SYSTEM32\ntdll.dll
0x00007ffdc7040000 - 0x00007ffdc70ff000 	C:\WINDOWS\System32\KERNEL32.DLL
0x00007ffdc4f00000 - 0x00007ffdc51f6000 	C:\WINDOWS\System32\KERNELBASE.dll
0x00007ffdc4b00000 - 0x00007ffdc4c00000 	C:\WINDOWS\System32\ucrtbase.dll
0x00007ffdadf60000 - 0x00007ffdadf7b000 	C:\Program Files\Java\jdk-20\bin\VCRUNTIME140.dll
0x00007ffdac6f0000 - 0x00007ffdac709000 	C:\Program Files\Java\jdk-20\bin\jli.dll
0x00007ffdc6a20000 - 0x00007ffdc6acf000 	C:\WINDOWS\System32\ADVAPI32.dll
0x00007ffdc5870000 - 0x00007ffdc590e000 	C:\WINDOWS\System32\msvcrt.dll
0x00007ffdc55a0000 - 0x00007ffdc563c000 	C:\WINDOWS\System32\sechost.dll
0x00007ffdc68d0000 - 0x00007ffdc69f6000 	C:\WINDOWS\System32\RPCRT4.dll
0x00007ffdc5370000 - 0x00007ffdc550d000 	C:\WINDOWS\System32\USER32.dll
0x00007ffdc4ed0000 - 0x00007ffdc4ef2000 	C:\WINDOWS\System32\win32u.dll
0x00007ffdb2260000 - 0x00007ffdb24fa000 	C:\WINDOWS\WinSxS\amd64_microsoft.windows.common-controls_6595b64144ccf1df_6.0.19041.1110_none_60b5254171f9507e\COMCTL32.dll
0x00007ffdc5970000 - 0x00007ffdc599c000 	C:\WINDOWS\System32\GDI32.dll
0x00007ffdc4db0000 - 0x00007ffdc4ec5000 	C:\WINDOWS\System32\gdi32full.dll
0x00007ffdc4a60000 - 0x00007ffdc4afd000 	C:\WINDOWS\System32\msvcp_win.dll
0x00007ffdb5db0000 - 0x00007ffdb5dba000 	C:\WINDOWS\SYSTEM32\VERSION.dll
0x00007ffdc68a0000 - 0x00007ffdc68d0000 	C:\WINDOWS\System32\IMM32.DLL
0x00007ffdb0700000 - 0x00007ffdb070c000 	C:\Program Files\Java\jdk-20\bin\vcruntime140_1.dll
0x00007ffd92320000 - 0x00007ffd923ae000 	C:\Program Files\Java\jdk-20\bin\msvcp140.dll
0x00007ffd4fba0000 - 0x00007ffd50837000 	C:\Program Files\Java\jdk-20\bin\server\jvm.dll
0x00007ffd78170000 - 0x00007ffd78179000 	C:\WINDOWS\SYSTEM32\WSOCK32.dll
0x00007ffdc5800000 - 0x00007ffdc586b000 	C:\WINDOWS\System32\WS2_32.dll
0x00007ffdb2500000 - 0x00007ffdb2527000 	C:\WINDOWS\SYSTEM32\WINMM.dll
0x00007ffdc27c0000 - 0x00007ffdc27d2000 	C:\WINDOWS\SYSTEM32\kernel.appcore.dll
0x00007ffdb06c0000 - 0x00007ffdb06ca000 	C:\Program Files\Java\jdk-20\bin\jimage.dll
0x00007ffdb0420000 - 0x00007ffdb0604000 	C:\WINDOWS\SYSTEM32\DBGHELP.DLL
0x00007ffdb02a0000 - 0x00007ffdb02d4000 	C:\WINDOWS\SYSTEM32\dbgcore.DLL
0x00007ffdc52e0000 - 0x00007ffdc5362000 	C:\WINDOWS\System32\bcryptPrimitives.dll
0x00007ffdb9fd0000 - 0x00007ffdb9fde000 	C:\Program Files\Java\jdk-20\bin\instrument.dll
0x00007ffdac670000 - 0x00007ffdac696000 	C:\Program Files\Java\jdk-20\bin\java.dll
0x00007ffd4fac0000 - 0x00007ffd4fb97000 	C:\Program Files\Java\jdk-20\bin\jsvml.dll
0x00007ffdc5ec0000 - 0x00007ffdc6604000 	C:\WINDOWS\System32\SHELL32.dll
0x00007ffdc2aa0000 - 0x00007ffdc3233000 	C:\WINDOWS\SYSTEM32\windows.storage.dll
0x00007ffdc6bb0000 - 0x00007ffdc6f04000 	C:\WINDOWS\System32\combase.dll
0x00007ffdc4440000 - 0x00007ffdc446e000 	C:\WINDOWS\SYSTEM32\Wldp.dll
0x00007ffdc7220000 - 0x00007ffdc72cd000 	C:\WINDOWS\System32\SHCORE.dll
0x00007ffdc5910000 - 0x00007ffdc5965000 	C:\WINDOWS\System32\shlwapi.dll
0x00007ffdc4930000 - 0x00007ffdc494f000 	C:\WINDOWS\SYSTEM32\profapi.dll
0x00007ffdaa6b0000 - 0x00007ffdaa6c8000 	C:\Program Files\Java\jdk-20\bin\zip.dll
0x00007ffdabdb0000 - 0x00007ffdabdc3000 	C:\Program Files\Java\jdk-20\bin\net.dll
0x00007ffdba5b0000 - 0x00007ffdba6ba000 	C:\WINDOWS\SYSTEM32\WINHTTP.dll
0x00007ffdc41a0000 - 0x00007ffdc420a000 	C:\WINDOWS\system32\mswsock.dll
0x00007ffdab970000 - 0x00007ffdab986000 	C:\Program Files\Java\jdk-20\bin\nio.dll
0x00007ffdabe10000 - 0x00007ffdabe2a000 	C:\Program Files\JetBrains\IntelliJ IDEA Community Edition 2023.1.3\bin\breakgen64.dll
0x00007ffdaff50000 - 0x00007ffdaff57000 	C:\Program Files\Java\jdk-20\bin\extnet.dll
0x00007ffdbee80000 - 0x00007ffdbee8a000 	C:\Program Files\Java\jdk-20\bin\management.dll
0x00007ffdbcdc0000 - 0x00007ffdbcdcb000 	C:\Program Files\Java\jdk-20\bin\management_ext.dll
0x00007ffdc56c0000 - 0x00007ffdc56c8000 	C:\WINDOWS\System32\PSAPI.DLL
0x00007ffdab910000 - 0x00007ffdab920000 	C:\Program Files\Java\jdk-20\bin\verify.dll
0x00007ffdc4390000 - 0x00007ffdc43a8000 	C:\WINDOWS\SYSTEM32\CRYPTSP.dll
0x00007ffdc3a50000 - 0x00007ffdc3a84000 	C:\WINDOWS\system32\rsaenh.dll
0x00007ffdc5200000 - 0x00007ffdc5227000 	C:\WINDOWS\System32\bcrypt.dll
0x00007ffdc48f0000 - 0x00007ffdc491e000 	C:\WINDOWS\SYSTEM32\USERENV.dll
0x00007ffdc43b0000 - 0x00007ffdc43bc000 	C:\WINDOWS\SYSTEM32\CRYPTBASE.dll
0x00007ffdc3e40000 - 0x00007ffdc3e7c000 	C:\WINDOWS\SYSTEM32\IPHLPAPI.DLL
0x00007ffdc67d0000 - 0x00007ffdc67d8000 	C:\WINDOWS\System32\NSI.dll
0x00007ffdb5e10000 - 0x00007ffdb5e27000 	C:\WINDOWS\SYSTEM32\dhcpcsvc6.DLL
0x00007ffdb6e40000 - 0x00007ffdb6e5d000 	C:\WINDOWS\SYSTEM32\dhcpcsvc.DLL
0x00007ffdc3e90000 - 0x00007ffdc3f5a000 	C:\WINDOWS\SYSTEM32\DNSAPI.dll
0x00007ffdaa1f0000 - 0x00007ffdaa1fe000 	C:\Program Files\Java\jdk-20\bin\sunmscapi.dll
0x00007ffdc4c00000 - 0x00007ffdc4d5e000 	C:\WINDOWS\System32\CRYPT32.dll
0x00007ffdc44b0000 - 0x00007ffdc44d8000 	C:\WINDOWS\SYSTEM32\ncrypt.dll
0x00007ffdc4470000 - 0x00007ffdc44ab000 	C:\WINDOWS\SYSTEM32\NTASN1.dll
0x00007ffdbcda0000 - 0x00007ffdbcda7000 	C:\WINDOWS\system32\wshunix.dll
0x000000006e4c0000 - 0x000000006e4df000 	C:\Users\LENOVO\AppData\Local\Temp\jffi1395610427323334290.dll

dbghelp: loaded successfully - version: 4.0.5 - missing functions: none
symbol engine: initialized successfully - sym options: 0x614 - pdb path: .;C:\Program Files\Java\jdk-20\bin;C:\WINDOWS\SYSTEM32;C:\WINDOWS\WinSxS\amd64_microsoft.windows.common-controls_6595b64144ccf1df_6.0.19041.1110_none_60b5254171f9507e;C:\Program Files\Java\jdk-20\bin\server;C:\Program Files\JetBrains\IntelliJ IDEA Community Edition 2023.1.3\bin;C:\Users\LENOVO\AppData\Local\Temp

VM Arguments:
jvm_args: -javaagent:C:\Program Files\JetBrains\IntelliJ IDEA Community Edition 2023.1.3\lib\idea_rt.jar=62806:C:\Program Files\JetBrains\IntelliJ IDEA Community Edition 2023.1.3\bin -Dfile.encoding=UTF-8 -Dsun.stdout.encoding=UTF-8 -Dsun.stderr.encoding=UTF-8 
java_command: com.sm.qms.QmsApplication
java_class_path (initial): C:\Visitor\QMS-master\target\classes;C:\Users\LENOVO\.m2\repository\org\springframework\boot\spring-boot-starter-data-cassandra\3.1.1\spring-boot-starter-data-cassandra-3.1.1.jar;C:\Users\LENOVO\.m2\repository\org\springframework\boot\spring-boot-starter\3.1.1\spring-boot-starter-3.1.1.jar;C:\Users\LENOVO\.m2\repository\org\springframework\boot\spring-boot-starter-logging\3.1.1\spring-boot-starter-logging-3.1.1.jar;C:\Users\LENOVO\.m2\repository\ch\qos\logback\logback-classic\1.4.8\logback-classic-1.4.8.jar;C:\Users\LENOVO\.m2\repository\ch\qos\logback\logback-core\1.4.8\logback-core-1.4.8.jar;C:\Users\LENOVO\.m2\repository\org\apache\logging\log4j\log4j-to-slf4j\2.20.0\log4j-to-slf4j-2.20.0.jar;C:\Users\LENOVO\.m2\repository\org\apache\logging\log4j\log4j-api\2.20.0\log4j-api-2.20.0.jar;C:\Users\LENOVO\.m2\repository\org\slf4j\jul-to-slf4j\2.0.7\jul-to-slf4j-2.0.7.jar;C:\Users\LENOVO\.m2\repository\jakarta\annotation\jakarta.annotation-api\2.1.1\jakarta.annotation-api-2.1.1.jar;C:\Users\LENOVO\.m2\repository\org\yaml\snakeyaml\1.33\snakeyaml-1.33.jar;C:\Users\LENOVO\.m2\repository\org\springframework\spring-tx\6.0.10\spring-tx-6.0.10.jar;C:\Users\LENOVO\.m2\repository\org\springframework\spring-beans\6.0.10\spring-beans-6.0.10.jar;C:\Users\LENOVO\.m2\repository\org\springframework\data\spring-data-cassandra\4.1.1\spring-data-cassandra-4.1.1.jar;C:\Users\LENOVO\.m2\repository\org\springframework\spring-context\6.0.10\spring-context-6.0.10.jar;C:\Users\LENOVO\.m2\repository\org\springframework\spring-expression\6.0.10\spring-expression-6.0.10.jar;C:\Users\LENOVO\.m2\repository\org\springframework\data\spring-data-commons\3.1.1\spring-data-commons-3.1.1.jar;C:\Users\LENOVO\.m2\repository\com\datastax\oss\java-driver-core\4.15.0\java-driver-core-4.15.0.jar;C:\Users\LENOVO\.m2\repository\com\datastax\oss\native-protocol\1.5.1\native-protocol-1.5.1.jar;C:\Users\LENOVO\.m2\repository\io\netty\netty-handler\4.1.94.Final\netty-handler-4.1.94.Final.jar;C:\Users\LENOVO\.m2\repository\io\netty\netty-common\4.1.94.Final\netty-common-4.1.94.Final.jar;C:\Users\LENOVO\.m2\repository\io\netty\netty-resolver\4.1.94.Final\netty-resolver-4.1.94.Final.jar;C:\Users\LENOVO\.m2\repository\io\netty\netty-buffer\4.1.94.Final\netty-buffer-4.1.94.Final.jar;C:\Users\LENOVO\.m2\repository\io\netty\netty-transport\4.1.94.Final\netty-transport-4.1.94.Final.jar;C:\Users\LENOVO\.m2\repository\io\netty\netty-transport-native-unix-common\4.1.94.Final\netty-transport-native-unix-common-4.1.94.Final.jar;C:\Users\LENOVO\.m2\repository\io\netty\netty-codec\4.1.94.Final\netty-codec-4.1.94.Final.jar;C:\Users\LENOVO\.m2\repository\com\datastax\oss\java-driver-shaded-guava\25.1-jre-graal-sub-1\java-driver-shaded-guava-25.1-jre-graal-sub-1.jar;C:\Users\LENOVO\.m2\repository\com\typesafe\config\1.4.1\config-1.4.1.jar;C:\Users\LENOVO\.m2\repository\com\github\jnr\jnr-posix\3.1.15\jnr-posix-3.1.15.jar;C:\Users\LENOVO\.m2\repository\com\github\jnr\jnr-ffi\2.2.11\jnr-ffi-2.2.11.jar;C:\Users\LENOVO\.m2\repository\com\github\jnr\jffi\1.3.9\jffi-1.3.9.jar;C:\Users\LENOVO\.m2\repository\com\github\jnr\jffi\1.3.9\jffi-1.3.9-native.jar;C:\Users\LENOVO\.m2\repository\org\ow2\asm\asm-commons\9.2\asm-commons-9.2.jar;C:\Users\LENOVO\.m2\repository\org\ow2\asm\asm-analysis\9.2\asm-analysis-9.2.jar;C:\Users\LENOVO\.m2\repository\org\ow2\asm\asm-tree\9.2\asm-tree-9.2.jar;C:\Users\LENOVO\.m2\repository\org\ow2\asm\asm-util\9.2\asm-util-9.2.jar;C:\Users\LENOVO\.m2\repository\com\github\jnr\jnr-a64asm\1.0.0\jnr-a64asm-1.0.0.jar;C:\Users\LENOVO\.m2\repository\com\github\jnr\jnr-x86asm\1.0.2\jnr-x86asm-1.0.2.jar;C:\Users\LENOVO\.m2\repository\com\github\jnr\jnr-constants\0.10.3\jnr-constants-0.10.3.jar;C:\Users\LENOVO\.m2\repository\io\dropwizard\metrics\metrics-core\4.2.19\metrics-core-4.2.19.jar;C:\Users\LENOVO\.m2\repository\org\hdrhistogram\HdrHistogram\2.1.12\HdrHistogram-2.1.12.jar;C:\Users\LENOVO\.m2\repository\com\fasterxml\jackson\core\jackson-core\2.15.2\jackson-core-2.15.2.jar;C:\Users\LENOVO\.m2\repository\org\reactivestreams\reactive-streams\1.0.4\reactive-streams-1.0.4.jar;C:\Users\LENOVO\.m2\repository\com\github\stephenc\jcip\jcip-annotations\1.0-1\jcip-annotations-1.0-1.jar;C:\Users\LENOVO\.m2\repository\com\github\spotbugs\spotbugs-annotations\3.1.12\spotbugs-annotations-3.1.12.jar;C:\Users\LENOVO\.m2\repository\com\google\code\findbugs\jsr305\3.0.2\jsr305-3.0.2.jar;C:\Users\LENOVO\.m2\repository\com\datastax\oss\java-driver-query-builder\4.15.0\java-driver-query-builder-4.15.0.jar;C:\Users\LENOVO\.m2\repository\org\slf4j\slf4j-api\2.0.7\slf4j-api-2.0.7.jar;C:\Users\LENOVO\.m2\repository\org\springframework\boot\spring-boot-starter-data-jpa\3.1.1\spring-boot-starter-data-jpa-3.1.1.jar;C:\Users\LENOVO\.m2\repository\org\springframework\boot\spring-boot-starter-aop\3.1.1\spring-boot-starter-aop-3.1.1.jar;C:\Users\LENOVO\.m2\repository\org\springframework\spring-aop\6.0.10\spring-aop-6.0.10.jar;C:\Users\LENOVO\.m2\repository\org\aspectj\aspectjweaver\1.9.19\aspectjweaver-1.9.19.jar;C:\Users\LENOVO\.m2\repository\org\springframework\boot\spring-boot-starter-jdbc\3.1.1\spring-boot-starter-jdbc-3.1.1.jar;C:\Users\LENOVO\.m2\repository\com\zaxxer\HikariCP\5.0.1\HikariCP-5.0.1.jar;C:\Users\LENOVO\.m2\repository\org\springframework\spring-jdbc\6.0.10\spring-jdbc-6.0.10.jar;C:\Users\LENOVO\.m2\repository\org\hibernate\orm\hibernate-core\6.2.5.Final\hibernate-core-6.2.5.Final.jar;C:\Users\LENOVO\.m2\repository\jakarta\persistence\jakarta.persistence-api\3.1.0\jakarta.persistence-api-3.1.0.jar;C:\Users\LENOVO\.m2\repository\jakarta\transaction\jakarta.transaction-api\2.0.1\jakarta.transaction-api-2.0.1.jar;C:\Users\LENOVO\.m2\repository\org\jboss\logging\jboss-logging\3.5.1.Final\jboss-logging-3.5.1.Final.jar;C:\Users\LENOVO\.m2\repository\org\hibernate\common\hibernate-commons-annotations\6.0.6.Final\hibernate-commons-annotations-6.0.6.Final.jar;C:\Users\LENOVO\.m2\repository\io\smallrye\jandex\3.0.5\jandex-3.0.5.jar;C:\Users\LENOVO\.m2\repository\com\fasterxml\classmate\1.5.1\classmate-1.5.1.jar;C:\Users\LENOVO\.m2\repository\net\bytebuddy\byte-buddy\1.14.5\byte-buddy-1.14.5.jar;C:\Users\LENOVO\.m2\repository\org\glassfish\jaxb\jaxb-runtime\4.0.3\jaxb-runtime-4.0.3.jar;C:\Users\LENOVO\.m2\repository\org\glassfish\jaxb\jaxb-core\4.0.3\jaxb-core-4.0.3.jar;C:\Users\LENOVO\.m2\repository\org\glassfish\jaxb\txw2\4.0.3\txw2-4.0.3.jar;C:\Users\LENOVO\.m2\repository\com\sun\istack\istack-commons-runtime\4.1.2\istack-commons-runtime-4.1.2.jar;C:\Users\LENOVO\.m2\repository\jakarta\inject\jakarta.inject-api\2.0.1\jakarta.inject-api-2.0.1.jar;C:\Users\LENOVO\.m2\repository\org\antlr\antlr4-runtime\4.10.1\antlr4-runtime-4.10.1.jar;C:\Users\LENOVO\.m2\repository\org\springframework\data\spring-data-jpa\3.1.1\spring-data-jpa-3.1.1.jar;C:\Users\LENOVO\.m2\repository\org\springframework\spring-orm\6.0.10\spring-orm-6.0.10.jar;C:\Users\LENOVO\.m2\repository\org\springframework\spring-aspects\6.0.10\spring-aspects-6.0.10.jar;C:\Users\LENOVO\.m2\repository\org\springframework\boot\spring-boot-starter-web\3.1.1\spring-boot-starter-web-3.1.1.jar;C:\Users\LENOVO\.m2\repository\org\springframework\boot\spring-boot-starter-json\3.1.1\spring-boot-starter-json-3.1.1.jar;C:\Users\LENOVO\.m2\repository\com\fasterxml\jackson\core\jackson-databind\2.15.2\jackson-databind-2.15.2.jar;C:\Users\LENOVO\.m2\repository\com\fasterxml\jackson\core\jackson-annotations\2.15.2\jackson-annotations-2.15.2.jar;C:\Users\LENOVO\.m2\repository\com\fasterxml\jackson\datatype\jackson-datatype-jdk8\2.15.2\jackson-datatype-jdk8-2.15.2.jar;C:\Users\LENOVO\.m2\repository\com\fasterxml\jackson\datatype\jackson-datatype-jsr310\2.15.2\jackson-datatype-jsr310-2.15.2.jar;C:\Users\LENOVO\.m2\repository\com\fasterxml\jackson\module\jackson-module-parameter-names\2.15.2\jackson-module-parameter-names-2.15.2.jar;C:\Users\LENOVO\.m2\repository\org\springframework\boot\spring-boot-starter-tomcat\3.1.1\spring-boot-starter-tomcat-3.1.1.jar;C:\Users\LENOVO\.m2\repository\org\apache\tomcat\embed\tomcat-embed-core\10.1.10\tomcat-embed-core-10.1.10.jar;C:\Users\LENOVO\.m2\repository\org\apache\tomcat\embed\tomcat-embed-el\10.1.10\tomcat-embed-el-10.1.10.jar;C:\Users\LENOVO\.m2\repository\org\apache\tomcat\embed\tomcat-embed-websocket\10.1.10\tomcat-embed-websocket-10.1.10.jar;C:\Users\LENOVO\.m2\repository\org\springframework\spring-web\6.0.10\spring-web-6.0.10.jar;C:\Users\LENOVO\.m2\repository\io\micrometer\micrometer-observation\1.11.1\micrometer-observation-1.11.1.jar;C:\Users\LENOVO\.m2\repository\io\micrometer\micrometer-commons\1.11.1\micrometer-commons-1.11.1.jar;C:\Users\LENOVO\.m2\repository\org\springframework\spring-webmvc\6.0.10\spring-webmvc-6.0.10.jar;C:\Users\LENOVO\.m2\repository\org\springframework\boot\spring-boot-devtools\3.1.1\spring-boot-devtools-3.1.1.jar;C:\Users\LENOVO\.m2\repository\org\springframework\boot\spring-boot\3.1.1\spring-boot-3.1.1.jar;C:\Users\LENOVO\.m2\repository\org\springframework\boot\spring-boot-autoconfigure\3.1.1\spring-boot-autoconfigure-3.1.1.jar;C:\Users\LENOVO\.m2\repository\jakarta\xml\bind\jakarta.xml.bind-api\4.0.0\jakarta.xml.bind-api-4.0.0.jar;C:\Users\LENOVO\.m2\repository\jakarta\activation\jakarta.activation-api\2.1.2\jakarta.activation-api-2.1.2.jar;C:\Users\LENOVO\.m2\repository\org\ow2\asm\asm\9.3\asm-9.3.jar;C:\Users\LENOVO\.m2\repository\org\springframework\spring-core\6.0.10\spring-core-6.0.10.jar;C:\Users\LENOVO\.m2\repository\org\springframework\spring-jcl\6.0.10\spring-jcl-6.0.10.jar;C:\Users\LENOVO\.m2\repository\org\springframework\boot\spring-boot-starter-mail\3.1.1\spring-boot-starter-mail-3.1.1.jar;C:\Users\LENOVO\.m2\repository\org\springframework\spring-context-support\6.0.10\spring-context-support-6.0.10.jar;C:\Users\LENOVO\.m2\repository\org\eclipse\angus\jakarta.mail\1.1.0\jakarta.mail-1.1.0.jar;C:\Users\LENOVO\.m2\repository\org\eclipse\angus\angus-activation\2.0.1\angus-activation-2.0.1.jar
Launcher Type: SUN_STANDARD

[Global flags]
     intx CICompilerCount                          = 3                                         {product} {ergonomic}
     uint ConcGCThreads                            = 1                                         {product} {ergonomic}
     uint G1ConcRefinementThreads                  = 4                                         {product} {ergonomic}
   size_t G1HeapRegionSize                         = 1048576                                   {product} {ergonomic}
    uintx GCDrainStackTargetSize                   = 64                                        {product} {ergonomic}
   size_t InitialHeapSize                          = 67108864                                  {product} {ergonomic}
   size_t MarkStackSize                            = 4194304                                   {product} {ergonomic}
   size_t MaxHeapSize                              = 1048576000                                {product} {ergonomic}
   size_t MaxNewSize                               = 629145600                                 {product} {ergonomic}
   size_t MinHeapDeltaBytes                        = 1048576                                   {product} {ergonomic}
   size_t MinHeapSize                              = 8388608                                   {product} {ergonomic}
    uintx NonNMethodCodeHeapSize                   = 5832780                                {pd product} {ergonomic}
    uintx NonProfiledCodeHeapSize                  = 122912730                              {pd product} {ergonomic}
     bool PerfDisableSharedMem                     = true                                      {product} {ergonomic}
    uintx ProfiledCodeHeapSize                     = 122912730                              {pd product} {ergonomic}
    uintx ReservedCodeCacheSize                    = 251658240                              {pd product} {ergonomic}
     bool SegmentedCodeCache                       = true                                      {product} {ergonomic}
   size_t SoftMaxHeapSize                          = 1048576000                             {manageable} {ergonomic}
     bool UseCompressedClassPointers               = true                           {product lp64_product} {ergonomic}
     bool UseCompressedOops                        = true                           {product lp64_product} {ergonomic}
     bool UseG1GC                                  = true                                      {product} {ergonomic}
     bool UseLargePagesIndividualAllocation        = false                                  {pd product} {ergonomic}

Logging:
Log output configuration:
 #0: stdout all=warning uptime,level,tags foldmultilines=false
 #1: stderr all=off uptime,level,tags foldmultilines=false

Environment Variables:
JAVA_HOME=C:\Program Files\Java\jdk1.8.0_261
CLASSPATH=C:\Program Files\Java\jdk-18.0.1.1\bin;C:\Program Files\Java\jre1.8.0_333\bin;.;C:\Program Files\Java\jdk1.8.0_261;C:\Program Files\Java\jre1.8.0_261;
PATH=C:\Program Files\Common Files\Oracle\Java\javapath;C:\Python27\;C:\Python27\Scripts;C:\Program Files (x86)\Common Files\Oracle\Java\javapath;"C:\Program Files\Common Files\Oracle\Java\javapath;C:\Program Files\Java\jdk-18.0.1.1\bin;C:\Program Files\Java\jre1.8.0_261\bin";C:\WINDOWS\system32;C:\WINDOWS;C:\WINDOWS\System32\Wbem;C:\WINDOWS\System32\WindowsPowerShell\v1.0\;C:\WINDOWS\System32\OpenSSH\;C:\Users\LENOVO\AppData\Local\Programs\Python\Python311\Scripts\;C:\Users\LENOVO\AppData\Local\Programs\Python\Python311\;C:\Program Files\Java\jre1.8.0_261\bin;C:\Program Files\Java\jdk-1.8\bin;C:\apache-cassandra-3.11.4\bin;C:\Program Files\Git\cmd;C:\Users\LENOVO\AppData\Local\Programs\Python\Python311\;C:\Users\LENOVO\AppData\Local\Microsoft\WindowsApps;C:\Users\LENOVO\AppData\Local\Programs\Microsoft VS Code\bin;C:\Program Files\Java\jre1.8.0_261\bin;;C:\Users\LENOVO\AppData\Local\JetBrains\IntelliJ IDEA 2023.1.3\bin;;C:\Program Files\JetBrains\IntelliJ IDEA Community Edition 2023.1.3\bin;
USERNAME=LENOVO
OS=Windows_NT
PROCESSOR_IDENTIFIER=Intel64 Family 6 Model 69 Stepping 1, GenuineIntel
TMP=C:\Users\LENOVO\AppData\Local\Temp
TEMP=C:\Users\LENOVO\AppData\Local\Temp




---------------  S Y S T E M  ---------------

OS:
 Windows 10 , 64 bit Build 19041 (10.0.19041.3031)
OS uptime: 1 days 4:48 hours

CPU: total 4 (initial active 4) (2 cores per cpu, 2 threads per core) family 6 model 69 stepping 1 microcode 0x25, cx8, cmov, fxsr, ht, mmx, sse, sse2, sse3, ssse3, sse4.1, sse4.2, popcnt, lzcnt, tsc, tscinvbit, avx, avx2, aes, erms, clmul, bmi1, bmi2, fma, vzeroupper, clflush, rdtscp, f16c

Memory: 4k page, system-wide physical 3992M (48M free)
TotalPageFile size 16280M (AvailPageFile size 5M)
current process WorkingSet (physical memory assigned to process): 195M, peak: 195M
current process commit charge ("private bytes"): 228M, peak: 230M

vm_info: Java HotSpot(TM) 64-Bit Server VM (20.0.1+9-29) for windows-amd64 JRE (20.0.1+9-29), built on 2023-03-07T13:56:11Z by "mach5one" with MS VC++ 17.1 (VS2022)

END.
